Using pre-set license
Built from '2020.3/release' branch; Version is '2020.3.12f1 (b3b2c6512326) revision 11776710'; Using compiler version '192528614'; Build Type 'Release'
OS: 'Windows 10 Home; OS build 19043.1706; Version 2009; 64bit' Language: 'es' Physical Memory: 31185 MB
BatchMode: 1, IsHumanControllingUs: 0, StartBugReporterOnCrash: 0, Is64bit: 1, IsPro: 0

 COMMAND LINE ARGUMENTS:
C:\Program Files\Unity\Hub\Editor\2020.3.12f1\Editor\Unity.exe
-adb2
-batchMode
-noUpm
-name
AssetImportWorker0
-projectPath
C:/Users/Daniel/Desktop/Juego-Interactivo/Donde esta Oswaldo
-logFile
Logs/AssetImportWorker0.log
-srvPort
58889
Successfully changed project path to: C:/Users/Daniel/Desktop/Juego-Interactivo/Donde esta Oswaldo
C:/Users/Daniel/Desktop/Juego-Interactivo/Donde esta Oswaldo
Using Asset Import Pipeline V2.
Refreshing native plugins compatible for Editor in 43.54 ms, found 2 plugins.
Preloading 0 native plugins for Editor in 0.00 ms.
Initialize engine version: 2020.3.12f1 (b3b2c6512326)
[Subsystems] Discovering subsystems at path C:/Program Files/Unity/Hub/Editor/2020.3.12f1/Editor/Data/Resources/UnitySubsystems
[Subsystems] Discovering subsystems at path C:/Users/Daniel/Desktop/Juego-Interactivo/Donde esta Oswaldo/Assets
GfxDevice: creating device client; threaded=0
Direct3D:
    Version:  Direct3D 11.0 [level 11.1]
    Renderer: NVIDIA GeForce RTX 3060 (ID=0x2503)
    Vendor:   
    VRAM:     12142 MB
    Driver:   30.0.15.1259
Initialize mono
Mono path[0] = 'C:/Program Files/Unity/Hub/Editor/2020.3.12f1/Editor/Data/Managed'
Mono path[1] = 'C:/Program Files/Unity/Hub/Editor/2020.3.12f1/Editor/Data/MonoBleedingEdge/lib/mono/unityjit'
Mono config path = 'C:/Program Files/Unity/Hub/Editor/2020.3.12f1/Editor/Data/MonoBleedingEdge/etc'
Using monoOptions --debugger-agent=transport=dt_socket,embedding=1,server=y,suspend=n,address=127.0.0.1:56372
Begin MonoManager ReloadAssembly
Registering precompiled unity dll's ...
Register platform support module: C:/Program Files/Unity/Hub/Editor/2020.3.12f1/Editor/Data/PlaybackEngines/WindowsStandaloneSupport/UnityEditor.WindowsStandalone.Extensions.dll
Registered in 0.001284 seconds.
Native extension for WindowsStandalone target not found
Refreshing native plugins compatible for Editor in 42.52 ms, found 2 plugins.
Preloading 0 native plugins for Editor in 0.00 ms.
Mono: successfully reloaded assembly
- Completed reload, in  0.780 seconds
Platform modules already initialized, skipping
Registering precompiled user dll's ...
Registered in 0.003139 seconds.
Begin MonoManager ReloadAssembly
Native extension for WindowsStandalone target not found
Refreshing native plugins compatible for Editor in 0.76 ms, found 2 plugins.
Preloading 0 native plugins for Editor in 0.00 ms.
Mono: successfully reloaded assembly
- Completed reload, in  0.873 seconds
Platform modules already initialized, skipping
========================================================================
Worker process is ready to serve import requests
Launched and connected shader compiler UnityShaderCompiler.exe after 0.04 seconds
Refreshing native plugins compatible for Editor in 0.45 ms, found 2 plugins.
Preloading 0 native plugins for Editor in 0.00 ms.
Unloading 1558 Unused Serialized files (Serialized files now loaded: 0)
System memory in use before: 149.9 MB.
System memory in use after: 150.0 MB.

Unloading 18 unused Assets to reduce memory usage. Loaded Objects now: 1998.
Total: 1.557600 ms (FindLiveObjects: 0.142600 ms CreateObjectMapping: 0.047500 ms MarkObjects: 1.318900 ms  DeleteObjects: 0.047700 ms)

AssetImportParameters requested are different than current active one (requested -> active):
  custom:framework-win-MediaFoundation: 216162199b28c13a410421893ffa2e32 -> 
  custom:video-decoder-ogg-theora: a1e56fd34408186e4bbccfd4996cb3dc -> 
  custom:container-muxer-webm: aa71ff27fc2769a1b78a27578f13a17b -> 
  custom:container-demuxer-webm: 4f35f7cbe854078d1ac9338744f61a02 -> 
  custom:container-demuxer-ogg: 62fdf1f143b41e24485cea50d1cbac27 -> 
  custom:video-encoder-webm-vp8: eb34c28f22e8b96e1ab97ce403110664 -> 
  custom:video-codec-MediaFoundation-h265: 746d11721c4dcdbdad8f713fa42b33f4 -> 
  custom:video-decoder-webm-vp8: 9c59270c3fd7afecdb556c50c9e8de78 -> 
  custom:audio-decoder-ogg-vorbis: bf7c407c2cedff20999df2af8eb42d56 -> 
  custom:audio-encoder-webm-vorbis: bf7c407c2cedff20999df2af8eb42d56 -> 
========================================================================
Received Import Request.
  path: Assets/Scripts/GameController.cs
  artifactKey: Guid(e5bb092c7277f794ea43a106e69d7782) Importer(815301076,1909f56bfc062723c751e8b465ee728b)
Start importing Assets/Scripts/GameController.cs using Guid(e5bb092c7277f794ea43a106e69d7782) Importer(815301076,1909f56bfc062723c751e8b465ee728b)  -> (artifact id: 'c184b0b0d19238a24dcd24266e7fc601') in 0.015849 seconds 
  Import took 0.017922 seconds .

========================================================================
Received Import Request.
  Time since last request: 62.151877 seconds.
  path: Assets/Scripts/HidePoints.cs
  artifactKey: Guid(f6a7b35a97ecc2649a6e28bdde81f604) Importer(815301076,1909f56bfc062723c751e8b465ee728b)
Start importing Assets/Scripts/HidePoints.cs using Guid(f6a7b35a97ecc2649a6e28bdde81f604) Importer(815301076,1909f56bfc062723c751e8b465ee728b)  -> (artifact id: '0186e91f85bd1437618cc3c398f9a401') in 0.001427 seconds 
  Import took 0.003675 seconds .

========================================================================
Received Import Request.
  Time since last request: 3.910617 seconds.
  path: Assets/Scripts/LoadScene.cs
  artifactKey: Guid(7ff2708161e381240b3598188a7529d6) Importer(815301076,1909f56bfc062723c751e8b465ee728b)
Start importing Assets/Scripts/LoadScene.cs using Guid(7ff2708161e381240b3598188a7529d6) Importer(815301076,1909f56bfc062723c751e8b465ee728b)  -> (artifact id: '2bbac359ca9ee8e7f2b4a3a308fda69b') in 0.001721 seconds 
  Import took 0.003953 seconds .

========================================================================
Received Import Request.
  Time since last request: 2.198594 seconds.
  path: Assets/Scripts/WantedScreen.cs
  artifactKey: Guid(cd6894007226d824f8bb1a33bc6d10ab) Importer(815301076,1909f56bfc062723c751e8b465ee728b)
Start importing Assets/Scripts/WantedScreen.cs using Guid(cd6894007226d824f8bb1a33bc6d10ab) Importer(815301076,1909f56bfc062723c751e8b465ee728b)  -> (artifact id: '8a79dc7e307ba7555f5e43b391b425b8') in 0.001338 seconds 
  Import took 0.003235 seconds .

========================================================================
Received Import Request.
  Time since last request: 0.002293 seconds.
  path: Assets/Scripts/WantedScreen.cs
  artifactKey: Guid(cd6894007226d824f8bb1a33bc6d10ab) Importer(815301076,1909f56bfc062723c751e8b465ee728b)
Start importing Assets/Scripts/WantedScreen.cs using Guid(cd6894007226d824f8bb1a33bc6d10ab) Importer(815301076,1909f56bfc062723c751e8b465ee728b)  -> (artifact id: '8a79dc7e307ba7555f5e43b391b425b8') in 0.001597 seconds 
  Import took 0.003757 seconds .

AssetImportWorkerClient::OnTransportError - code=2 error=End of file
